Unable to capture context for thread 16004 in process 9964, can not generate back trace
Exception at PC 0x00007FF8CBE3BB93
Printing stacktrace...

Unable to capture context for thread 16004 in process 9964, can not generate back trace
Exception at PC 0x00007FF95B5ECD29
Exception at PC 0x00007FF95B5ECD29
Exception at PC 0x00007FF95B5ECD29
Exception at PC 0x00007FF95B5ECD29
Exception at PC 0x00007FF95B5ECD29
Exception at PC 0x00007FF95B5ECD29
Exception at PC 0x00007FF95B5ECD29
Exception at PC 0x00007FF95B5ECD29
Exception at PC 0x00007FF95B5ECD29
Exception at PC 0x00007FF95B5ECD29
Exception at PC 0x00007FF95B5ECD29
Exception at PC 0x00007FF95B5ECD29
Exception at PC 0x00007FF95B5ECD29
Exception at PC 0x00007FF95B5ECD29
[0]  [0x00007FF8CBE3BB93]
[1]  [0x00007FF8CBE3BB93]
[2]  [0x00007FF8CBE3B4A1]
[3]  [0x00007FF8CBE3B3EF]
[4]  [0x00007FF8CBE219FE]
[5]  [0x00007FF8CBE20ED1]
[6]  [0x00007FF8CBE20D76]
[7]  [0x00007FF8CBDC79F6]
[8]  [0x00007FF8CBDB7AFB]
[9]  [0x00007FF8CBEDE90A]
[10]  [0x00007FF8CBEF9F87]
[11]  [0x00007FF8CBEFA05F]
[12] (BaseThreadInitThunk+0x14) [0x00007FF95C9A7034]
[13] (RtlUserThreadStart+0x21) [0x00007FF95DF026A1]
Done
Exception at PC 0x00007FF95B5ECD29
Exception at PC 0x00007FF95B5ECD29
Exception at PC 0x00007FF95B5ECD29
